Using pre-set license
Built from '2021.1/staging' branch; Version is '2021.1.9f1 (7a790e367ab3) revision 8026382'; Using compiler version '192528614'; Build Type 'Release'
OS: 'Windows 10 Pro; OS build 19043.1348; Version 2009; 64bit' Language: 'en' Physical Memory: 16200 MB
BatchMode: 1, IsHumanControllingUs: 0, StartBugReporterOnCrash: 0, Is64bit: 1, IsPro: 0

 COMMAND LINE ARGUMENTS:
C:\Program Files\Unity\Hub\Editor\2021.1.9f1\Editor\Unity.exe
-adb2
-batchMode
-noUpm
-name
AssetImportWorker0
-projectPath
C:/Users/Carolina/Documents/GitHub/O-Foliao/O Folião
-logFile
Logs/AssetImportWorker0.log
-srvPort
61153
Successfully changed project path to: C:/Users/Carolina/Documents/GitHub/O-Foliao/O Folião
C:/Users/Carolina/Documents/GitHub/O-Foliao/O Folião
Using Asset Import Pipeline V2.
Refreshing native plugins compatible for Editor in 89.00 ms, found 5 plugins.
Preloading 0 native plugins for Editor in 0.00 ms.
Initialize engine version: 2021.1.9f1 (7a790e367ab3)
[Subsystems] Discovering subsystems at path C:/Program Files/Unity/Hub/Editor/2021.1.9f1/Editor/Data/Resources/UnitySubsystems
[Subsystems] Discovering subsystems at path C:/Users/Carolina/Documents/GitHub/O-Foliao/O Folião/Assets
GfxDevice: creating device client; threaded=0; jobified=0
Direct3D:
    Version:  Direct3D 11.0 [level 11.1]
    Renderer: NVIDIA GeForce RTX 2060 (ID=0x1f15)
    Vendor:   NVIDIA
    VRAM:     5980 MB
    Driver:   30.0.14.9676
Initialize mono
Mono path[0] = 'C:/Program Files/Unity/Hub/Editor/2021.1.9f1/Editor/Data/Managed'
Mono path[1] = 'C:/Program Files/Unity/Hub/Editor/2021.1.9f1/Editor/Data/MonoBleedingEdge/lib/mono/unityjit'
Mono config path = 'C:/Program Files/Unity/Hub/Editor/2021.1.9f1/Editor/Data/MonoBleedingEdge/etc'
Using monoOptions --debugger-agent=transport=dt_socket,embedding=1,server=y,suspend=n,address=127.0.0.1:56636
Begin MonoManager ReloadAssembly
Registering precompiled unity dll's ...
Register platform support module: C:/Program Files/Unity/Hub/Editor/2021.1.9f1/Editor/Data/PlaybackEngines/WindowsStandaloneSupport/UnityEditor.WindowsStandalone.Extensions.dll
Registered in 0.001658 seconds.
Native extension for WindowsStandalone target not found
Refreshing native plugins compatible for Editor in 83.76 ms, found 5 plugins.
Preloading 0 native plugins for Editor in 0.00 ms.
Mono: successfully reloaded assembly
- Completed reload, in  1.081 seconds
Domain Reload Profiling:
	ReloadAssembly (1081ms)
		BeginReloadAssembly (48ms)
			ExecutionOrderSort (0ms)
			DisableScriptedObjects (0ms)
			BackupInstance (0ms)
			ReleaseScriptingObjects (0ms)
			CreateAndSetChildDomain (1ms)
		EndReloadAssembly (466ms)
			LoadAssemblies (46ms)
			RebuildTransferFunctionScriptingTraits (0ms)
			SetupTypeCache (170ms)
			ReleaseScriptCaches (0ms)
			RebuildScriptCaches (29ms)
			SetupLoadedEditorAssemblies (220ms)
				LogAssemblyErrors (0ms)
				InitializePlatformSupportModulesInManaged (5ms)
				SetLoadedEditorAssemblies (0ms)
				RefreshPlugins (84ms)
				BeforeProcessingInitializeOnLoad (1ms)
				ProcessInitializeOnLoadAttributes (100ms)
				ProcessInitializeOnLoadMethodAttributes (29ms)
				AfterProcessingInitializeOnLoad (0ms)
				EditorAssembliesLoaded (0ms)
			ExecutionOrderSort2 (0ms)
			AwakeInstancesAfterBackupRestoration (0ms)
Platform modules already initialized, skipping
Registering precompiled user dll's ...
Registered in 0.012893 seconds.
Begin MonoManager ReloadAssembly
Symbol file LoadedFromMemory is not a mono symbol file
Symbol file LoadedFromMemory doesn't match image C:\Users\Carolina\Documents\GitHub\O-Foliao\O Folião\Library\PackageCache\com.unity.visualscripting@1.6.1\Editor\VisualScripting.Core\Dependencies\YamlDotNet\Unity.VisualScripting.YamlDotNet.dll
Symbol file LoadedFromMemory doesn't match image C:\Users\Carolina\Documents\GitHub\O-Foliao\O Folião\Library\PackageCache\com.unity.visualscripting@1.6.1\Editor\VisualScripting.Core\Dependencies\DotNetZip\Unity.VisualScripting.IonicZip.dll
Symbol file LoadedFromMemory is not a mono symbol file
Symbol file LoadedFromMemory is not a mono symbol file
Symbol file LoadedFromMemory is not a mono symbol file
Native extension for WindowsStandalone target not found
Refreshing native plugins compatible for Editor in 1.06 ms, found 5 plugins.
Preloading 0 native plugins for Editor in 0.00 ms.
Mono: successfully reloaded assembly
- Completed reload, in  1.796 seconds
Domain Reload Profiling:
	ReloadAssembly (1796ms)
		BeginReloadAssembly (140ms)
			ExecutionOrderSort (0ms)
			DisableScriptedObjects (4ms)
			BackupInstance (0ms)
			ReleaseScriptingObjects (0ms)
			CreateAndSetChildDomain (20ms)
		EndReloadAssembly (1599ms)
			LoadAssemblies (85ms)
			RebuildTransferFunctionScriptingTraits (0ms)
			SetupTypeCache (379ms)
			ReleaseScriptCaches (1ms)
			RebuildScriptCaches (50ms)
			SetupLoadedEditorAssemblies (962ms)
				LogAssemblyErrors (0ms)
				InitializePlatformSupportModulesInManaged (6ms)
				SetLoadedEditorAssemblies (1ms)
				RefreshPlugins (1ms)
				BeforeProcessingInitializeOnLoad (70ms)
				ProcessInitializeOnLoadAttributes (803ms)
				ProcessInitializeOnLoadMethodAttributes (74ms)
				AfterProcessingInitializeOnLoad (6ms)
				EditorAssembliesLoaded (1ms)
			ExecutionOrderSort2 (0ms)
			AwakeInstancesAfterBackupRestoration (26ms)
Platform modules already initialized, skipping
========================================================================
Worker process is ready to serve import requests
Launched and connected shader compiler UnityShaderCompiler.exe after 0.03 seconds
Refreshing native plugins compatible for Editor in 0.69 ms, found 5 plugins.
Preloading 0 native plugins for Editor in 0.00 ms.
Unloading 3029 Unused Serialized files (Serialized files now loaded: 0)
System memory in use before: 120.5 MB.
System memory in use after: 120.7 MB.

Unloading 48 unused Assets to reduce memory usage. Loaded Objects now: 3563.
Total: 23.136000 ms (FindLiveObjects: 0.262600 ms CreateObjectMapping: 0.181600 ms MarkObjects: 22.663500 ms  DeleteObjects: 0.027200 ms)

AssetImportParameters requested are different than current active one (requested -> active):
  custom:framework-win-MediaFoundation: 216162199b28c13a410421893ffa2e32 -> 
  custom:video-decoder-ogg-theora: a1e56fd34408186e4bbccfd4996cb3dc -> 
  custom:container-muxer-webm: aa71ff27fc2769a1b78a27578f13a17b -> 
  custom:container-demuxer-webm: 4f35f7cbe854078d1ac9338744f61a02 -> 
  custom:container-demuxer-ogg: 62fdf1f143b41e24485cea50d1cbac27 -> 
  custom:video-encoder-webm-vp8: eb34c28f22e8b96e1ab97ce403110664 -> 
  custom:video-decoder-webm-vp8: 9c59270c3fd7afecdb556c50c9e8de78 -> 
  custom:audio-decoder-ogg-vorbis: bf7c407c2cedff20999df2af8eb42d56 -> 
  custom:audio-encoder-webm-vorbis: bf7c407c2cedff20999df2af8eb42d56 -> 
========================================================================
Received Import Request.
  path: Assets/Resources/Events/Beber.asset
  artifactKey: Guid(8ac4a031065cf0f47bcb83390b6c8d7b) Importer(815301076,1909f56bfc062723c751e8b465ee728b)
Start importing Assets/Resources/Events/Beber.asset using Guid(8ac4a031065cf0f47bcb83390b6c8d7b) Importer(815301076,1909f56bfc062723c751e8b465ee728b)  -> (artifact id: 'a9fba9bec49dbff814dfc62a98c41815') in 0.030673 seconds 
========================================================================
Received Import Request.
  Time since last request: 0.000182 seconds.
  path: Assets/Resources/Events/Dance until you are ded.asset
  artifactKey: Guid(a969d906451325d4299253c08c8f86dc) Importer(815301076,1909f56bfc062723c751e8b465ee728b)
Start importing Assets/Resources/Events/Dance until you are ded.asset using Guid(a969d906451325d4299253c08c8f86dc) Importer(815301076,1909f56bfc062723c751e8b465ee728b)  -> (artifact id: '86ac75513f3a9a3f57090189b24502cf') in 0.008306 seconds 
========================================================================
Received Import Request.
  Time since last request: 0.000206 seconds.
  path: Assets/Resources/Events/Porrada.asset
  artifactKey: Guid(c0609f476d531ec47be115fa93d2088c) Importer(815301076,1909f56bfc062723c751e8b465ee728b)
Start importing Assets/Resources/Events/Porrada.asset using Guid(c0609f476d531ec47be115fa93d2088c) Importer(815301076,1909f56bfc062723c751e8b465ee728b)  -> (artifact id: 'd80470191a2bebdbe155ba4c13d42a56') in 0.015904 seconds 
========================================================================
Received Prepare
Registering precompiled user dll's ...
Registered in 0.015917 seconds.
Begin MonoManager ReloadAssembly
Symbol file LoadedFromMemory is not a mono symbol file
Symbol file LoadedFromMemory doesn't match image C:\Users\Carolina\Documents\GitHub\O-Foliao\O Folião\Library\PackageCache\com.unity.visualscripting@1.6.1\Editor\VisualScripting.Core\Dependencies\YamlDotNet\Unity.VisualScripting.YamlDotNet.dll
Symbol file LoadedFromMemory doesn't match image C:\Users\Carolina\Documents\GitHub\O-Foliao\O Folião\Library\PackageCache\com.unity.visualscripting@1.6.1\Editor\VisualScripting.Core\Dependencies\DotNetZip\Unity.VisualScripting.IonicZip.dll
Symbol file LoadedFromMemory is not a mono symbol file
Symbol file LoadedFromMemory is not a mono symbol file
Symbol file LoadedFromMemory is not a mono symbol file
Native extension for WindowsStandalone target not found
Refreshing native plugins compatible for Editor in 1.23 ms, found 5 plugins.
Preloading 0 native plugins for Editor in 0.00 ms.
Mono: successfully reloaded assembly
- Completed reload, in  2.035 seconds
Domain Reload Profiling:
	ReloadAssembly (2036ms)
		BeginReloadAssembly (155ms)
			ExecutionOrderSort (0ms)
			DisableScriptedObjects (6ms)
			BackupInstance (0ms)
			ReleaseScriptingObjects (0ms)
			CreateAndSetChildDomain (64ms)
		EndReloadAssembly (1804ms)
			LoadAssemblies (110ms)
			RebuildTransferFunctionScriptingTraits (0ms)
			SetupTypeCache (475ms)
			ReleaseScriptCaches (1ms)
			RebuildScriptCaches (46ms)
			SetupLoadedEditorAssemblies (1001ms)
				LogAssemblyErrors (0ms)
				InitializePlatformSupportModulesInManaged (6ms)
				SetLoadedEditorAssemblies (1ms)
				RefreshPlugins (1ms)
				BeforeProcessingInitializeOnLoad (61ms)
				ProcessInitializeOnLoadAttributes (869ms)
				ProcessInitializeOnLoadMethodAttributes (55ms)
				AfterProcessingInitializeOnLoad (7ms)
				EditorAssembliesLoaded (1ms)
			ExecutionOrderSort2 (0ms)
			AwakeInstancesAfterBackupRestoration (30ms)
Platform modules already initialized, skipping
Refreshing native plugins compatible for Editor in 0.89 ms, found 5 plugins.
Preloading 0 native plugins for Editor in 0.00 ms.
Unloading 3022 Unused Serialized files (Serialized files now loaded: 0)
System memory in use before: 120.4 MB.
System memory in use after: 120.6 MB.

Unloading 44 unused Assets to reduce memory usage. Loaded Objects now: 3566.
Total: 27.282800 ms (FindLiveObjects: 0.344500 ms CreateObjectMapping: 0.265000 ms MarkObjects: 26.641300 ms  DeleteObjects: 0.030600 ms)

AssetImportParameters requested are different than current active one (requested -> active):
  custom:framework-win-MediaFoundation: 216162199b28c13a410421893ffa2e32 -> 
  custom:video-decoder-ogg-theora: a1e56fd34408186e4bbccfd4996cb3dc -> 
  custom:container-muxer-webm: aa71ff27fc2769a1b78a27578f13a17b -> 
  custom:container-demuxer-webm: 4f35f7cbe854078d1ac9338744f61a02 -> 
  custom:container-demuxer-ogg: 62fdf1f143b41e24485cea50d1cbac27 -> 
  custom:video-encoder-webm-vp8: eb34c28f22e8b96e1ab97ce403110664 -> 
  custom:video-decoder-webm-vp8: 9c59270c3fd7afecdb556c50c9e8de78 -> 
  custom:audio-decoder-ogg-vorbis: bf7c407c2cedff20999df2af8eb42d56 -> 
  custom:audio-encoder-webm-vorbis: bf7c407c2cedff20999df2af8eb42d56 -> 
========================================================================
Received Import Request.
  Time since last request: 96.564847 seconds.
  path: Assets/Resources/Events/Meet a Stranger Drinking.asset
  artifactKey: Guid(0bd1927da9c8ef144821849f141abb3d) Importer(815301076,1909f56bfc062723c751e8b465ee728b)
Start importing Assets/Resources/Events/Meet a Stranger Drinking.asset using Guid(0bd1927da9c8ef144821849f141abb3d) Importer(815301076,1909f56bfc062723c751e8b465ee728b)  -> (artifact id: 'aa934b4e4e6f64abf3606fcbe869266a') in 0.023123 seconds 
========================================================================
Received Import Request.
  Time since last request: 0.000229 seconds.
  path: Assets/Resources/Events/Rest.asset
  artifactKey: Guid(c64b2da9ef247454fbc740896eaeee35) Importer(815301076,1909f56bfc062723c751e8b465ee728b)
Start importing Assets/Resources/Events/Rest.asset using Guid(c64b2da9ef247454fbc740896eaeee35) Importer(815301076,1909f56bfc062723c751e8b465ee728b)  -> (artifact id: '02167edd446fda611b3bd5bd2fc607b1') in 0.005234 seconds 
========================================================================
Received Import Request.
  Time since last request: 0.000233 seconds.
  path: Assets/Resources/Events/Meet a Matrafona.asset
  artifactKey: Guid(9ce5677824b567644b246b77a94d8d0a) Importer(815301076,1909f56bfc062723c751e8b465ee728b)
Start importing Assets/Resources/Events/Meet a Matrafona.asset using Guid(9ce5677824b567644b246b77a94d8d0a) Importer(815301076,1909f56bfc062723c751e8b465ee728b)  -> (artifact id: '3080f04d0a364aea123603dbbb791991') in 0.008146 seconds 
========================================================================
Received Import Request.
  Time since last request: 0.000226 seconds.
  path: Assets/Resources/Events/Meet a Friend drunk.asset
  artifactKey: Guid(d74ef4cfa831e0d448cefb1940601dd0) Importer(815301076,1909f56bfc062723c751e8b465ee728b)
Start importing Assets/Resources/Events/Meet a Friend drunk.asset using Guid(d74ef4cfa831e0d448cefb1940601dd0) Importer(815301076,1909f56bfc062723c751e8b465ee728b)  -> (artifact id: '53a9fb2effdd02ad4b0b5058c0ac1d10') in 0.009505 seconds 
========================================================================
Received Import Request.
  Time since last request: 0.000211 seconds.
  path: Assets/Resources/Events/Meet a Stranger Extremely drunk.asset
  artifactKey: Guid(b418435badfd7224393ddf5ad4655c14) Importer(815301076,1909f56bfc062723c751e8b465ee728b)
Start importing Assets/Resources/Events/Meet a Stranger Extremely drunk.asset using Guid(b418435badfd7224393ddf5ad4655c14) Importer(815301076,1909f56bfc062723c751e8b465ee728b)  -> (artifact id: '3b531dbc8f342422c8410e25541ee47d') in 0.005171 seconds 
========================================================================
Received Import Request.
  Time since last request: 517.835148 seconds.
  path: Assets/Materials/energy.png
  artifactKey: Guid(1f6a86e41973019409e39252d27c24a3) Importer(815301076,1909f56bfc062723c751e8b465ee728b)
Start importing Assets/Materials/energy.png using Guid(1f6a86e41973019409e39252d27c24a3) Importer(815301076,1909f56bfc062723c751e8b465ee728b)  -> (artifact id: 'b2d43e49b86476e4fe254295d0dc1920') in 0.048696 seconds 
========================================================================
Received Import Request.
  Time since last request: 11.168448 seconds.
  path: Assets/Materials/energy.png
  artifactKey: Guid(1f6a86e41973019409e39252d27c24a3) Importer(815301076,1909f56bfc062723c751e8b465ee728b)
Start importing Assets/Materials/energy.png using Guid(1f6a86e41973019409e39252d27c24a3) Importer(815301076,1909f56bfc062723c751e8b465ee728b)  -> (artifact id: 'f34aaf651081a211e20039901120eed0') in 0.063827 seconds 
========================================================================
Received Import Request.
  Time since last request: 371.457391 seconds.
  path: Assets/Materials/Highlight.mat
  artifactKey: Guid(8d03fcdca33c7c24e8a06500c0e2ad4e) Importer(815301076,1909f56bfc062723c751e8b465ee728b)
Start importing Assets/Materials/Highlight.mat using Guid(8d03fcdca33c7c24e8a06500c0e2ad4e) Importer(815301076,1909f56bfc062723c751e8b465ee728b)  -> (artifact id: '808378acb16a1cfc8bc2248c566f8f8d') in 0.047288 seconds 
========================================================================
Received Import Request.
  Time since last request: 0.000284 seconds.
  path: Assets/Materials/normal.mat
  artifactKey: Guid(b7797ab8c0bf6074cbcd2f80e5d2e4ba) Importer(815301076,1909f56bfc062723c751e8b465ee728b)
Start importing Assets/Materials/normal.mat using Guid(b7797ab8c0bf6074cbcd2f80e5d2e4ba) Importer(815301076,1909f56bfc062723c751e8b465ee728b)  -> (artifact id: 'e838cb1f379a3e9cedf64d27574346d1') in 0.017276 seconds 
